<?xml version="1.0" encoding="UTF-8"?>
<testsuite xmlns:xsi="http://www.w3.org/2001/XMLSchema-instance" xsi:noNamespaceSchemaLocation="https://maven.apache.org/surefire/maven-surefire-plugin/xsd/surefire-test-report.xsd" name="com.example.provider.pacts.provider.apiProviderContractTest" time="0.609" tests="1" errors="0" skipped="1" failures="0">
  <properties>
[...]
</properties>
  <testcase name="pacTestTemplate{PactVerificationContext}[1]" classname="com.example.provider.pacts.provider.apiProviderContractTest" time="0">
    <skipped message="Assumption failed: Verfique se existem contratos para o Provedor." type="org.opentest4j.TestAbortedException">org.opentest4j.TestAbortedException: Assumption failed: Verfique se existem contratos para o Provedor.
	at com.example.provider.pacts.provider.apiProviderContractTest.assumerNoPacts(apiProviderContractTest.java:85)
	at com.example.provider.pacts.provider.apiProviderContractTest.setUp(apiProviderContractTest.java:42)
</skipped>
    <system-out><![CDATA[17:11:37.049 [main] DEBUG au.com.dius.pact.provider.junit5.PactVerificationInvocationContextProvider - Verifying pacts for provider 'provider' and consumer 'null'
17:11:37.197 [main] DEBUG au.com.dius.pact.provider.junit5.PactVerificationInvocationContextProvider - Pact sources on test class:
 @au.com.dius.pact.provider.junitsupport.loader.PactSource(au.com.dius.pact.provider.junitsupport.loader.PactFolderLoader.class)
17:11:37.198 [main] DEBUG au.com.dius.pact.provider.ProviderUtils - Pact source does not have a constructor with one argument of type Class
&amp#27;[33mVerfique se existem contratos para o Provedor.&amp#27;[0m
]]></system-out>
  </testcase>
</testsuite>